<?xml version="1.0" encoding="UTF-8"?>
<!-- Generated by org.testng.reporters.JUnitReportReporter -->
<testsuite hostname="TYSS-Tanuja-N-Sonawale" failures="0" tests="3" name="testCases.Creating_Product_Test" time="119.877" errors="0" timestamp="2024-10-05T11:18:17 IST" skipped="0">
  <testcase classname="testCases.Creating_Product_Test" name="createProduct_Test" time="39.255"/>
  <system-out/>
  <testcase classname="testCases.Creating_Product_Test" name="createProduct_Test" time="40.927"/>
  <system-out/>
  <testcase classname="testCases.Creating_Product_Test" name="createProduct_Test" time="39.695"/>
  <system-out/>
</testsuite> <!-- testCases.Creating_Product_Test -->
