<?xml version="1.0" encoding="UTF-8"?>
<!-- Generated by org.testng.reporters.JUnitReportReporter -->
<testsuite hostname="TYSS-Tanuja-N-Sonawale" failures="0" tests="2" name="testCases.TC01_CreateOrganization_Test" time="62.349" errors="0" timestamp="2024-09-13T11:14:22 IST" skipped="0">
  <testcase classname="testCases.TC01_CreateOrganization_Test" name="creatingOrg_Test" time="44.378"/>
  <system-out>
    <![CDATA[creatingOrg_Test method of TC01_CreateOrganization_Test class]]>
  </system-out>
  <testcase classname="testCases.TC01_CreateOrganization_Test" name="viewOrg_Test" time="17.971"/>
  <system-out>
    <![CDATA[viewOrg_Test method of TC01_CreateOrganization_Test class]]>
  </system-out>
</testsuite> <!-- testCases.TC01_CreateOrganization_Test -->
