<?xml version="1.0" encoding="UTF-8"?>
<!-- Generated by org.testng.reporters.JUnitReportReporter -->
<testsuite hostname="TYSS-Tanuja-N-Sonawale" failures="0" tests="1" name="tpass.Creating_TroubleTicket_On_Vtiger" time="0.000" errors="0" timestamp="2024-09-27T15:41:30 IST" skipped="1">
  <testcase classname="tpass.Creating_TroubleTicket_On_Vtiger" name="addingTroubleTicket" time="0.000">
    <skipped/>
  </testcase> <!-- addingTroubleTicket -->
  <system-out/>
</testsuite> <!-- tpass.Creating_TroubleTicket_On_Vtiger -->
