<?xml version="1.0" encoding="UTF-8"?>
<!-- Generated by org.testng.reporters.JUnitReportReporter -->
<testsuite hostname="TYSS-Tanuja-N-Sonawale" failures="0" tests="1" name="tpass.Creating_Contact_With_Organization_Test" time="43.222" errors="0" timestamp="2024-10-09T15:27:17 IST" skipped="0">
  <testcase classname="tpass.Creating_Contact_With_Organization_Test" name="createContactWithOrg_Test" time="43.222"/>
  <system-out/>
</testsuite> <!-- tpass.Creating_Contact_With_Organization_Test -->
