<?xml version="1.0" encoding="UTF-8"?>
<!-- Generated by org.testng.reporters.JUnitReportReporter -->
<testsuite hostname="TYSS-Tanuja-N-Sonawale" failures="0" tests="1" name="testCases.SimpleTestCase_Test" time="9.871" errors="0" timestamp="2024-09-03T15:48:40 IST" skipped="0">
  <testcase classname="testCases.SimpleTestCase_Test" name="show_Test" time="9.871"/>
  <system-out>
    <![CDATA[SimpleTestCase_Test show_Test method]]>
  </system-out>
</testsuite> <!-- testCases.SimpleTestCase_Test -->
