<?xml version="1.0" encoding="UTF-8"?>
<!-- Generated by org.testng.reporters.JUnitReportReporter -->
<testsuite hostname="TYSS-Tanuja-N-Sonawale" failures="0" tests="2" name="tpass.Creating_Documents_Test" time="76.397" errors="0" timestamp="2024-10-07T11:02:39 IST" skipped="0">
  <testcase classname="tpass.Creating_Documents_Test" name="creatingDocument_Test" time="35.466"/>
  <system-out/>
  <testcase classname="tpass.Creating_Documents_Test" name="creatingDocument_Test" time="40.931"/>
  <system-out/>
</testsuite> <!-- tpass.Creating_Documents_Test -->
