<?xml version="1.0" encoding="UTF-8"?>
<!-- Generated by org.testng.reporters.JUnitReportReporter -->
<testsuite hostname="TYSS-Tanuja-N-Sonawale" failures="0" tests="3" name="testCases.SimpleTestCase_Test" time="27.227" errors="0" timestamp="2024-09-30T11:07:02 IST" skipped="0">
  <testcase classname="testCases.SimpleTestCase_Test" name="show1_Test" time="8.777"/>
  <system-out>
    <![CDATA[SimpleTestCase_Test show1_Test method]]>
  </system-out>
  <testcase classname="testCases.SimpleTestCase_Test" name="show2_Test" time="8.557"/>
  <system-out>
    <![CDATA[SimpleTestCase_Test show2_Test method]]>
  </system-out>
  <testcase classname="testCases.SimpleTestCase_Test" name="show_Test" time="9.893"/>
  <system-out>
    <![CDATA[SimpleTestCase_Test show_Test method]]>
  </system-out>
</testsuite> <!-- testCases.SimpleTestCase_Test -->
