<?xml version="1.0" encoding="UTF-8"?>
<!-- Generated by org.testng.reporters.JUnitReportReporter -->
<testsuite hostname="TYSS-Tanuja-N-Sonawale" failures="0" tests="1" name="testCases.a" time="13.382" errors="0" timestamp="2024-09-27T17:56:53 IST" skipped="0">
  <testcase classname="testCases.a" name="readingDataFromExcelFile" time="13.382"/>
  <system-out/>
</testsuite> <!-- testCases.a -->
